{"C:\\Users\\Brycen\\Documents\\Projects\\ChattingPlatform\\frontend\\src\\components\\Medal.tsx": {"path":"C:\\Users\\Brycen\\Documents\\Projects\\ChattingPlatform\\frontend\\src\\components\\Medal.tsx","statementMap":{"0":{"start":{"line":10,"column":24},"end":{"line":10,"column":30}},"1":{"start":{"line":1,"column":26},"end":{"line":1,"column":null}},"2":{"start":{"line":2,"column":25},"end":{"line":2,"column":null}},"3":{"start":{"line":11,"column":17},"end":{"line":11,"column":null}},"4":{"start":{"line":13,"column":36},"end":{"line":14,"column":null}},"5":{"start":{"line":22,"column":25},"end":{"line":22,"column":null}},"6":{"start":{"line":47,"column":35},"end":{"line":47,"column":null}},"7":{"start":{"line":75,"column":24},"end":{"line":75,"column":null}},"8":{"start":{"line":77,"column":22},"end":{"line":77,"column":null}},"9":{"start":{"line":78,"column":22},"end":{"line":78,"column":null}}},"fnMap":{"0":{"name":"(anonymous_0)","decl":{"start":{"line":10,"column":24},"end":{"line":10,"column":30}},"loc":{"start":{"line":10,"column":24},"end":{"line":10,"column":30}}},"1":{"name":"(anonymous_2)","decl":{"start":{"line":22,"column":19},"end":{"line":22,"column":25}},"loc":{"start":{"line":22,"column":25},"end":{"line":22,"column":null}}},"2":{"name":"(anonymous_3)","decl":{"start":{"line":47,"column":29},"end":{"line":47,"column":35}},"loc":{"start":{"line":47,"column":35},"end":{"line":47,"column":null}}},"3":{"name":"(anonymous_4)","decl":{"start":{"line":73,"column":29},"end":{"line":73,"column":35}},"loc":{"start":{"line":73,"column":35},"end":{"line":79,"column":null}}},"4":{"name":"delQuery","decl":{"start":{"line":74,"column":31},"end":{"line":74,"column":40}},"loc":{"start":{"line":74,"column":56},"end":{"line":76,"column":null}}}},"branchMap":{"0":{"loc":{"start":{"line":14,"column":4},"end":{"line":14,"column":64}},"type":"cond-expr","locations":[{"start":{"line":14,"column":39},"end":{"line":14,"column":43}},{"start":{"line":14,"column":46},"end":{"line":14,"column":64}}]},"1":{"loc":{"start":{"line":18,"column":7},"end":{"line":27,"column":14}},"type":"cond-expr","locations":[{"start":{"line":19,"column":8},"end":{"line":27,"column":14}},{"start":{"line":27,"column":10},"end":{"line":27,"column":14}}]},"2":{"loc":{"start":{"line":28,"column":7},"end":{"line":89,"column":14}},"type":"cond-expr","locations":[{"start":{"line":29,"column":8},"end":{"line":89,"column":14}},{"start":{"line":89,"column":10},"end":{"line":89,"column":14}}]}},"s":{"0":1,"1":3,"2":3,"3":3,"4":3,"5":1,"6":0,"7":1,"8":1,"9":1},"f":{"0":4,"1":1,"2":0,"3":1,"4":1},"b":{"0":[0,3],"1":[3,0],"2":[1,2]}}
,"C:\\Users\\Brycen\\Documents\\Projects\\ChattingPlatform\\frontend\\src\\hooks\\useSocket.tsx": {"path":"C:\\Users\\Brycen\\Documents\\Projects\\ChattingPlatform\\frontend\\src\\hooks\\useSocket.tsx","statementMap":{"0":{"start":{"line":29,"column":0},"end":{"line":29,"column":15}},"1":{"start":{"line":1,"column":34},"end":{"line":1,"column":null}},"2":{"start":{"line":3,"column":18},"end":{"line":27,"column":null}},"3":{"start":{"line":4,"column":24},"end":{"line":4,"column":null}},"4":{"start":{"line":5,"column":2},"end":{"line":26,"column":null}},"5":{"start":{"line":6,"column":4},"end":{"line":25,"column":5}},"6":{"start":{"line":7,"column":32},"end":{"line":16,"column":null}},"7":{"start":{"line":8,"column":8},"end":{"line":14,"column":null}},"8":{"start":{"line":17,"column":6},"end":{"line":24,"column":null}},"9":{"start":{"line":18,"column":8},"end":{"line":18,"column":null}},"10":{"start":{"line":19,"column":8},"end":{"line":19,"column":null}},"11":{"start":{"line":22,"column":8},"end":{"line":22,"column":null}},"12":{"start":{"line":23,"column":8},"end":{"line":23,"column":20}},"13":{"start":{"line":29,"column":15},"end":{"line":29,"column":null}}},"fnMap":{"0":{"name":"(anonymous_0)","decl":{"start":{"line":29,"column":0},"end":{"line":29,"column":15}},"loc":{"start":{"line":29,"column":0},"end":{"line":29,"column":15}}},"1":{"name":"(anonymous_1)","decl":{"start":{"line":3,"column":18},"end":{"line":3,"column":24}},"loc":{"start":{"line":3,"column":24},"end":{"line":27,"column":null}}},"2":{"name":"(anonymous_2)","decl":{"start":{"line":5,"column":12},"end":{"line":5,"column":18}},"loc":{"start":{"line":5,"column":18},"end":{"line":26,"column":5}}},"3":{"name":"(anonymous_3)","decl":{"start":{"line":7,"column":32},"end":{"line":7,"column":44}},"loc":{"start":{"line":7,"column":44},"end":{"line":16,"column":null}}}},"branchMap":{"0":{"loc":{"start":{"line":6,"column":4},"end":{"line":25,"column":5}},"type":"if","locations":[{"start":{"line":6,"column":4},"end":{"line":25,"column":5}}]},"1":{"loc":{"start":{"line":10,"column":12},"end":{"line":10,"column":null}},"type":"binary-expr","locations":[{"start":{"line":10,"column":12},"end":{"line":10,"column":38}},{"start":{"line":10,"column":42},"end":{"line":10,"column":null}}]}},"s":{"0":7,"1":2,"2":2,"3":7,"4":7,"5":4,"6":4,"7":4,"8":4,"9":4,"10":4,"11":0,"12":0,"13":2},"f":{"0":7,"1":7,"2":4,"3":4},"b":{"0":[4],"1":[4,0]}}
,"C:\\Users\\Brycen\\Documents\\Projects\\ChattingPlatform\\frontend\\src\\layouts\\Meta.tsx": {"path":"C:\\Users\\Brycen\\Documents\\Projects\\ChattingPlatform\\frontend\\src\\layouts\\Meta.tsx","statementMap":{"0":{"start":{"line":114,"column":9},"end":{"line":114,"column":null}},"1":{"start":{"line":1,"column":17},"end":{"line":1,"column":null}},"2":{"start":{"line":2,"column":26},"end":{"line":2,"column":null}},"3":{"start":{"line":3,"column":24},"end":{"line":3,"column":null}},"4":{"start":{"line":5,"column":26},"end":{"line":5,"column":null}},"5":{"start":{"line":13,"column":13},"end":{"line":112,"column":null}},"6":{"start":{"line":14,"column":17},"end":{"line":14,"column":null}}},"fnMap":{"0":{"name":"(anonymous_0)","decl":{"start":{"line":114,"column":9},"end":{"line":114,"column":null}},"loc":{"start":{"line":114,"column":9},"end":{"line":114,"column":null}}},"1":{"name":"(anonymous_2)","decl":{"start":{"line":13,"column":13},"end":{"line":13,"column":14}},"loc":{"start":{"line":13,"column":36},"end":{"line":112,"column":null}}}},"branchMap":{},"s":{"0":8,"1":3,"2":3,"3":3,"4":3,"5":3,"6":8},"f":{"0":8,"1":8},"b":{}}
,"C:\\Users\\Brycen\\Documents\\Projects\\ChattingPlatform\\frontend\\src\\pages\\api\\health.ts": {"path":"C:\\Users\\Brycen\\Documents\\Projects\\ChattingPlatform\\frontend\\src\\pages\\api\\health.ts","statementMap":{"0":{"start":{"line":3,"column":24},"end":{"line":3,"column":32}},"1":{"start":{"line":4,"column":2},"end":{"line":9,"column":null}}},"fnMap":{"0":{"name":"(anonymous_0)","decl":{"start":{"line":3,"column":24},"end":{"line":3,"column":32}},"loc":{"start":{"line":3,"column":24},"end":{"line":3,"column":32}}}},"branchMap":{"0":{"loc":{"start":{"line":8,"column":18},"end":{"line":8,"column":null}},"type":"binary-expr","locations":[{"start":{"line":8,"column":18},"end":{"line":8,"column":47}},{"start":{"line":8,"column":51},"end":{"line":8,"column":null}}]}},"s":{"0":1,"1":1},"f":{"0":2},"b":{"0":[1,1]}}
,"C:\\Users\\Brycen\\Documents\\Projects\\ChattingPlatform\\frontend\\src\\templates\\Main.tsx": {"path":"C:\\Users\\Brycen\\Documents\\Projects\\ChattingPlatform\\frontend\\src\\templates\\Main.tsx","statementMap":{"0":{"start":{"line":64,"column":9},"end":{"line":64,"column":null}},"1":{"start":{"line":1,"column":17},"end":{"line":1,"column":null}},"2":{"start":{"line":4,"column":26},"end":{"line":4,"column":null}}},"fnMap":{"0":{"name":"(anonymous_0)","decl":{"start":{"line":64,"column":9},"end":{"line":64,"column":null}},"loc":{"start":{"line":64,"column":9},"end":{"line":64,"column":null}}}},"branchMap":{},"s":{"0":9,"1":3,"2":3},"f":{"0":9},"b":{}}
,"C:\\Users\\Brycen\\Documents\\Projects\\ChattingPlatform\\frontend\\src\\utils\\AppConfig.ts": {"path":"C:\\Users\\Brycen\\Documents\\Projects\\ChattingPlatform\\frontend\\src\\utils\\AppConfig.ts","statementMap":{"0":{"start":{"line":1,"column":13},"end":{"line":1,"column":25}},"1":{"start":{"line":1,"column":25},"end":{"line":6,"column":null}}},"fnMap":{"0":{"name":"(anonymous_0)","decl":{"start":{"line":1,"column":13},"end":{"line":1,"column":25}},"loc":{"start":{"line":1,"column":13},"end":{"line":1,"column":25}}}},"branchMap":{},"s":{"0":59,"1":4},"f":{"0":59},"b":{}}
}
