TN:
SF:src\components\Medal.tsx
FN:10,(anonymous_0)
FN:22,(anonymous_2)
FN:47,(anonymous_3)
FN:73,(anonymous_4)
FN:74,delQuery
FNF:5
FNH:4
FNDA:4,(anonymous_0)
FNDA:1,(anonymous_2)
FNDA:0,(anonymous_3)
FNDA:1,(anonymous_4)
FNDA:1,delQuery
DA:1,3
DA:2,3
DA:10,1
DA:11,3
DA:13,3
DA:22,1
DA:47,0
DA:75,1
DA:77,1
DA:78,1
LF:10
LH:9
BRDA:14,0,0,0
BRDA:14,0,1,3
BRDA:18,1,0,3
BRDA:18,1,1,0
BRDA:28,2,0,1
BRDA:28,2,1,2
BRF:6
BRH:4
end_of_record
TN:
SF:src\hooks\useSocket.tsx
FN:29,(anonymous_0)
FN:3,(anonymous_1)
FN:5,(anonymous_2)
FN:7,(anonymous_3)
FNF:4
FNH:4
FNDA:7,(anonymous_0)
FNDA:7,(anonymous_1)
FNDA:4,(anonymous_2)
FNDA:4,(anonymous_3)
DA:1,2
DA:3,2
DA:4,7
DA:5,7
DA:6,4
DA:7,4
DA:8,4
DA:17,4
DA:18,4
DA:19,4
DA:22,0
DA:23,0
DA:29,7
LF:13
LH:11
BRDA:6,0,0,4
BRDA:10,1,0,4
BRDA:10,1,1,0
BRF:3
BRH:2
end_of_record
TN:
SF:src\layouts\Meta.tsx
FN:114,(anonymous_0)
FN:13,(anonymous_2)
FNF:2
FNH:2
FNDA:8,(anonymous_0)
FNDA:8,(anonymous_2)
DA:1,3
DA:2,3
DA:3,3
DA:5,3
DA:13,3
DA:14,8
DA:114,8
LF:7
LH:7
BRF:0
BRH:0
end_of_record
TN:
SF:src\pages\api\health.ts
FN:3,(anonymous_0)
FNF:1
FNH:1
FNDA:2,(anonymous_0)
DA:3,1
DA:4,1
LF:2
LH:2
BRDA:8,0,0,1
BRDA:8,0,1,1
BRF:2
BRH:2
end_of_record
TN:
SF:src\templates\Main.tsx
FN:64,(anonymous_0)
FNF:1
FNH:1
FNDA:9,(anonymous_0)
DA:1,3
DA:4,3
DA:64,9
LF:3
LH:3
BRF:0
BRH:0
end_of_record
TN:
SF:src\utils\AppConfig.ts
FN:1,(anonymous_0)
FNF:1
FNH:1
FNDA:59,(anonymous_0)
DA:1,59
LF:1
LH:1
BRF:0
BRH:0
end_of_record
